Carriage Global Position: (14.1, 0.855381, 6.551477)
Carriage Global Basis: 
  X: (-0.0, 0.0, -1.0)
  Y: (0.0, 1.0, 0.0)
  Z: (1.0, 0.0, -0.0)
Carriage Wheels and Axles detail:
  WheelFL -> pos: (-0.35, -0.06, -0.7) | scale: (1.0, 1.0, 1.0)
    Tread (CSGCylinder3D) -> pos: (0.0, 0.0, 0.0) | scale: (1.0, 1.0, 1.0)
      radius: 0.18000000715256 | height: 0.10999999940395
    InnerFlange (CSGCylinder3D) -> pos: (0.065, 0.0, 0.0) | scale: (1.0, 1.0, 1.0)
      radius: 0.21500000357628 | height: 0.02500000037253
    RotationMarker (CSGBox3D) -> pos: (-0.062, 0.09, 0.0) | scale: (1.0, 1.0, 1.0)
  WheelFR -> pos: (0.25, -0.06, -0.7) | scale: (1.0, 1.0, 1.0)
    Tread (CSGCylinder3D) -> pos: (0.0, 0.0, 0.0) | scale: (1.0, 1.0, 1.0)
      radius: 0.18000000715256 | height: 0.10999999940395
    InnerFlange (CSGCylinder3D) -> pos: (-0.065, 0.0, 0.0) | scale: (1.0, 1.0, 1.0)
      radius: 0.21500000357628 | height: 0.02500000037253
    RotationMarker (CSGBox3D) -> pos: (0.062, 0.09, 0.0) | scale: (1.0, 1.0, 1.0)
  WheelRL -> pos: (-0.35, -0.06, 0.7) | scale: (1.0, 1.0, 1.0)
    Tread (CSGCylinder3D) -> pos: (0.0, 0.0, 0.0) | scale: (1.0, 1.0, 1.0)
      radius: 0.18000000715256 | height: 0.10999999940395
    InnerFlange (CSGCylinder3D) -> pos: (0.065, 0.0, 0.0) | scale: (1.0, 1.0, 1.0)
      radius: 0.21500000357628 | height: 0.02500000037253
    RotationMarker (CSGBox3D) -> pos: (-0.062, 0.09, 0.0) | scale: (1.0, 1.0, 1.0)
  WheelRR -> pos: (0.25, -0.06, 0.7) | scale: (1.0, 1.0, 1.0)
    Tread (CSGCylinder3D) -> pos: (0.0, 0.0, 0.0) | scale: (1.0, 1.0, 1.0)
      radius: 0.18000000715256 | height: 0.10999999940395
    InnerFlange (CSGCylinder3D) -> pos: (-0.065, 0.0, 0.0) | scale: (1.0, 1.0, 1.0)
      radius: 0.21500000357628 | height: 0.02500000037253
    RotationMarker (CSGBox3D) -> pos: (0.062, 0.09, 0.0) | scale: (1.0, 1.0, 1.0)
Incline Global Position: (14.2198, 0.696827, 3.36551)
Incline Global Basis: 
  X: (-1.2, 0.0, 0.0)
  Y: (0.0, 1.2, 0.0)
  Z: (-0.0, 0.0, -1.2)
