=== RUNTIME SCENE TREE INSPECTION ===
DebarkScene (Node3D) | pos: (0.0, 0.0, 0.0) | rot: (0.0, 0.0, 0.0)
  WorldEnvironment (WorldEnvironment)
  DirectionalLight3D (DirectionalLight3D) | pos: (11.35115, 5.0, 0.0) | rot: (-60.0, 30.00001, 0.0)
  Camera3D (Camera3D) | pos: (-5.16223, 1.494019, 3.989838) | rot: (-29.99998, -0.745, 0.0) | script: free_fly_camera.gd | move_speed=5.0 | mouse_sensitivity=0.002
  DebarkerDeck (StaticBody3D) | pos: (0.277256, 1.063268, 0.659112) | rot: (0.0, 0.0, 0.0) | script: conveyor.gd | speed=0.2 | direction=(0.0, 0.0, 1.0)
    Model (Node3D) | pos: (0.277256, 1.063268, 0.659112) | rot: (0.0, 0.0, 0.0)
      Mesh_0 (MeshInstance3D) | pos: (0.277256, 1.063268, 0.659112) | rot: (0.0, 0.0, 0.0)
    CollisionShape3D (CollisionShape3D) | pos: (0.262058, 0.881383, 0.663323) | rot: (0.0, 0.0, 0.0)
    RotationLockZone (Area3D) | pos: (0.277256, 1.063268, 0.659112) | rot: (0.0, 0.0, 0.0) | script: rotation_lock_zone.gd
  LogDeck (StaticBody3D) | pos: (14.10011, 1.01192, 5.202725) | rot: (0.0, 0.0, 0.0) | script: conveyor.gd | speed=0.2 | direction=(0.0, 0.0, 1.0)
    Model (Node3D) | pos: (14.10011, 1.01192, 5.202725) | rot: (0.0, 0.0, 0.0)
      Mesh_0 (MeshInstance3D) | pos: (14.10011, 1.01192, 5.202725) | rot: (0.0, 0.0, 0.0)
    CollisionShape3D (CollisionShape3D) | pos: (14.08491, 0.830036, 5.206937) | rot: (0.0, 0.0, 0.0)
  GripRoller1 (StaticBody3D) | pos: (3.549409, 0.290167, 2.114215) | rot: (0.0, 90.0, 0.0) | script: conveyor.gd | speed=0.2 | direction=(1.0, 0.0, 0.0)
    CollisionShape3D (CollisionShape3D) | pos: (3.549409, 0.290167, 2.114215) | rot: (0.0, 90.0, 90.0)
    Visuals (Node3D) | pos: (3.549409, 0.290167, 2.114215) | rot: (1.673617, 90.0, 0.0) | script: rotator.gd | speed=0.2 | axis=(1.0, 0.0, 0.0)
      Core (CSGCylinder3D) | pos: (3.549409, 0.290167, 2.114215) | rot: (1.673617, 90.0, 90.0)
        Fin1 (CSGBox3D) | pos: (3.55671, 0.54006, 2.114215) | rot: (1.673617, 90.0, 90.0)
        Fin2 (CSGBox3D) | pos: (3.542107, 0.040274, 2.114215) | rot: (1.673617, 90.0, 90.0)
        Fin3 (CSGBox3D) | pos: (3.799302, 0.282866, 2.114215) | rot: (1.673617, 90.0, 90.0)
        Fin4 (CSGBox3D) | pos: (3.299515, 0.297469, 2.114215) | rot: (1.673617, 90.0, 90.0)
  GripRoller2 (StaticBody3D) | pos: (4.587456, 0.290167, 2.114215) | rot: (0.0, 90.0, 0.0) | script: conveyor.gd | speed=0.2 | direction=(1.0, 0.0, 0.0)
    CollisionShape3D (CollisionShape3D) | pos: (4.587456, 0.290167, 2.114215) | rot: (0.0, 90.0, 90.0)
    Visuals (Node3D) | pos: (4.587456, 0.290167, 2.114215) | rot: (1.673617, 90.0, 0.0) | script: rotator.gd | speed=0.2 | axis=(1.0, 0.0, 0.0)
      Core (CSGCylinder3D) | pos: (4.587456, 0.290167, 2.114215) | rot: (1.673617, 90.0, 90.0)
        Fin1 (CSGBox3D) | pos: (4.594758, 0.54006, 2.114215) | rot: (1.673617, 90.0, 90.0)
        Fin2 (CSGBox3D) | pos: (4.580155, 0.040274, 2.114215) | rot: (1.673617, 90.0, 90.0)
        Fin3 (CSGBox3D) | pos: (4.837349, 0.282866, 2.114215) | rot: (1.673617, 90.0, 90.0)
        Fin4 (CSGBox3D) | pos: (4.337563, 0.297469, 2.114215) | rot: (1.673617, 90.0, 90.0)
  GripRoller3 (StaticBody3D) | pos: (5.716435, 0.290167, 2.114215) | rot: (0.0, 90.0, 0.0) | script: conveyor.gd | speed=0.2 | direction=(1.0, 0.0, 0.0)
    CollisionShape3D (CollisionShape3D) | pos: (5.716435, 0.290167, 2.114215) | rot: (0.0, 90.0, 90.0)
    Visuals (Node3D) | pos: (5.716435, 0.290167, 2.114215) | rot: (1.673617, 90.0, 0.0) | script: rotator.gd | speed=0.2 | axis=(1.0, 0.0, 0.0)
      Core (CSGCylinder3D) | pos: (5.716435, 0.290167, 2.114215) | rot: (1.673617, 90.0, 90.0)
        Fin1 (CSGBox3D) | pos: (5.723736, 0.54006, 2.114215) | rot: (1.673617, 90.0, 90.0)
        Fin2 (CSGBox3D) | pos: (5.709134, 0.040274, 2.114215) | rot: (1.673617, 90.0, 90.0)
        Fin3 (CSGBox3D) | pos: (5.966328, 0.282866, 2.114215) | rot: (1.673617, 90.0, 90.0)
        Fin4 (CSGBox3D) | pos: (5.466542, 0.297469, 2.114215) | rot: (1.673617, 90.0, 90.0)
  GripRoller4 (StaticBody3D) | pos: (6.637639, 0.290167, 2.114215) | rot: (0.0, 90.0, 0.0) | script: conveyor.gd | speed=0.2 | direction=(1.0, 0.0, 0.0)
    CollisionShape3D (CollisionShape3D) | pos: (6.637639, 0.290167, 2.114215) | rot: (0.0, 90.0, 90.0)
    Visuals (Node3D) | pos: (6.637639, 0.290167, 2.114215) | rot: (1.673617, 90.0, 0.0) | script: rotator.gd | speed=0.2 | axis=(1.0, 0.0, 0.0)
      Core (CSGCylinder3D) | pos: (6.637639, 0.290167, 2.114215) | rot: (1.673617, 90.0, 90.0)
        Fin1 (CSGBox3D) | pos: (6.64494, 0.54006, 2.114215) | rot: (1.673617, 90.0, 90.0)
        Fin2 (CSGBox3D) | pos: (6.630337, 0.040274, 2.114215) | rot: (1.673617, 90.0, 90.0)
        Fin3 (CSGBox3D) | pos: (6.887532, 0.282866, 2.114215) | rot: (1.673617, 90.0, 90.0)
        Fin4 (CSGBox3D) | pos: (6.387745, 0.297469, 2.114215) | rot: (1.673617, 90.0, 90.0)
  DebarkerRing (Node3D) | pos: (0.3, 1.4, 1.25) | rot: (0.0, 0.0, 0.0)
    Model (Node3D) | pos: (5.165209, 0.713983, 2.072233) | rot: (-0.000001, 90.0, 25.10426) | script: rotator.gd | speed=3.0 | axis=(1.0, 0.0, 0.0)
      Mesh_0 (MeshInstance3D) | pos: (5.165209, 0.713983, 2.072233) | rot: (-0.000001, 90.0, 25.10426)
  WasteConveyor (StaticBody3D) | pos: (0.844019, 0.493876, 2.118352) | rot: (0.0, 90.0, 0.0) | script: conveyor.gd | speed=0.8 | direction=(1.0, 0.0, 0.0)
    CollisionShape3D (CollisionShape3D) | pos: (0.844019, 0.493876, 2.118352) | rot: (0.0, 90.0, 0.0)
    Visuals (Node3D) | pos: (0.844019, 0.493876, 2.118352) | rot: (0.0, 90.0, 0.0)
      Belt (CSGBox3D) | pos: (0.844019, 0.493876, 2.118352) | rot: (0.0, 90.0, 0.0)
      RailLeft (CSGBox3D) | pos: (0.844019, 0.643876, 2.668352) | rot: (0.0, 90.0, 0.0)
      RailRight (CSGBox3D) | pos: (0.844019, 0.643876, 1.568352) | rot: (0.0, 90.0, 0.0)
    CollisionShape3D2 (CollisionShape3D) | pos: (0.87414, 0.503603, 2.118352) | rot: (0.0, 90.0, 0.0)
    CollisionShape3D3 (CollisionShape3D) | pos: (0.831324, 0.681376, 1.600176) | rot: (0.0, 90.0, 0.0)
    CollisionShape3D4 (CollisionShape3D) | pos: (0.932581, 0.682841, 2.652591) | rot: (0.0, 90.0, 0.0)
  WasteConveyor2 (StaticBody3D) | pos: (9.255, 0.455786, 2.118159) | rot: (0.0, 90.0, 0.0) | script: conveyor.gd | speed=0.8 | direction=(1.0, 0.0, 0.0)
    CollisionShape3D (CollisionShape3D) | pos: (9.255, 0.455786, 2.118159) | rot: (0.0, 90.0, 0.0)
    Visuals (Node3D) | pos: (9.255, 0.455786, 2.118159) | rot: (0.0, 90.0, 0.0)
      Belt (CSGBox3D) | pos: (9.255, 0.455786, 2.118159) | rot: (0.0, 90.0, 0.0)
      RailLeft (CSGBox3D) | pos: (9.255, 0.605786, 2.668159) | rot: (0.0, 90.0, 0.0)
      RailRight (CSGBox3D) | pos: (9.255, 0.605786, 1.568159) | rot: (0.0, 90.0, 0.0)
    CollisionShape3D2 (CollisionShape3D) | pos: (9.285121, 0.465513, 2.118159) | rot: (0.0, 90.0, 0.0)
    CollisionShape3D3 (CollisionShape3D) | pos: (9.242305, 0.643286, 1.599983) | rot: (0.0, 90.0, 0.0)
    CollisionShape3D4 (CollisionShape3D) | pos: (9.343562, 0.644751, 2.652398) | rot: (0.0, 90.0, 0.0)
    MetalDetector (Node3D) | pos: (9.255, 0.455786, 2.118159) | rot: (0.0, 90.0, 0.0)
      CSGCombiner3D (CSGCombiner3D) | pos: (9.255, 0.455786, 2.118159) | rot: (0.0, 90.0, 0.0)
        LeftLeg (CSGBox3D) | pos: (9.255, 0.955786, 2.768159) | rot: (0.0, 90.0, 0.0)
        RightLeg (CSGBox3D) | pos: (9.255, 0.955786, 1.468159) | rot: (0.0, 90.0, 0.0)
        CrossBeam (CSGBox3D) | pos: (9.255, 1.455786, 2.118159) | rot: (0.0, 90.0, 0.0)
        LightBase (CSGBox3D) | pos: (9.255, 1.555786, 2.118159) | rot: (0.0, 90.0, 0.0)
        RedBulb (CSGSphere3D) | pos: (9.255, 1.655786, 2.178159) | rot: (0.0, 90.0, 0.0)
        GreenBulb (CSGSphere3D) | pos: (9.255, 1.655786, 2.058159) | rot: (0.0, 90.0, 0.0)
      GreenLight (OmniLight3D) | pos: (9.255, 1.705786, 2.058159) | rot: (0.0, 90.0, 0.0)
  VibratoryConveyor (StaticBody3D) | pos: (5.165, -0.6, 0.5) | rot: (0.0, 0.0, 0.0) | script: vibratory_conveyor.gd | speed=1.2 | direction=(0.0, 0.0, -1.0) | vibration_frequency=45.0 | vibration_amplitude=0.012
    CollisionShape3D (CollisionShape3D) | pos: (5.165, -0.55, 0.5) | rot: (0.0, 0.0, 0.0)
    CollisionShape3D2 (CollisionShape3D) | pos: (4.665, -0.4, 0.5) | rot: (0.0, 0.0, 0.0)
    CollisionShape3D3 (CollisionShape3D) | pos: (5.665, -0.4, 0.5) | rot: (0.0, 0.0, 0.0)
    Visuals (Node3D) | pos: (5.168421, -0.596298, 0.499732) | rot: (0.0, 0.0, 0.0)
      TroughBase (CSGBox3D) | pos: (5.168421, -0.546298, 0.499732) | rot: (0.0, 0.0, 0.0)
      WallLeft (CSGBox3D) | pos: (4.668421, -0.396298, 0.499732) | rot: (0.0, 0.0, 0.0)
      WallRight (CSGBox3D) | pos: (5.668421, -0.396298, 0.499732) | rot: (0.0, 0.0, 0.0)
      Spring1 (CSGCylinder3D) | pos: (4.868421, -0.846298, -1.000268) | rot: (0.0, 0.0, 0.0)
      Spring2 (CSGCylinder3D) | pos: (5.468421, -0.846298, -1.000268) | rot: (0.0, 0.0, 0.0)
      Spring3 (CSGCylinder3D) | pos: (4.868421, -0.846298, 1.999732) | rot: (0.0, 0.0, 0.0)
      Spring4 (CSGCylinder3D) | pos: (5.468421, -0.846298, 1.999732) | rot: (0.0, 0.0, 0.0)
  WasteConveyor3 (StaticBody3D) | pos: (13.25488, 0.456774, 2.118968) | rot: (0.0, 90.0, 0.0) | script: conveyor.gd | speed=0.8 | direction=(1.0, 0.0, 0.0)
    CollisionShape3D (CollisionShape3D) | pos: (13.25488, 0.456774, 2.118968) | rot: (0.0, 90.0, 0.0)
    Visuals (Node3D) | pos: (13.25488, 0.456774, 2.118968) | rot: (0.0, 90.0, 0.0)
      Belt (CSGBox3D) | pos: (13.25488, 0.456774, 2.118968) | rot: (0.0, 90.0, 0.0)
      RailLeft (CSGBox3D) | pos: (13.25488, 0.606773, 2.668968) | rot: (0.0, 90.0, 0.0)
      RailRight (CSGBox3D) | pos: (13.25488, 0.606773, 1.568968) | rot: (0.0, 90.0, 0.0)
    KickerZone (Area3D) | pos: (14.5864, 0.956774, 2.118968) | rot: (0.0, 90.0, 0.0) | script: kicker.gd | kick_direction=(-1.0, 0.0, 0.0) | kick_speed=1.0 | kick_damping=5.0
      CollisionShape3D (CollisionShape3D) | pos: (15.341, 0.956774, 2.122572) | rot: (0.0, 90.0, 0.0)
    CollisionShape3D2 (CollisionShape3D) | pos: (13.285, 0.4665, 2.026755) | rot: (0.0, 90.0, 0.0)
    CollisionShape3D3 (CollisionShape3D) | pos: (13.24219, 0.644274, 1.600792) | rot: (0.0, 90.0, 0.0)
  MarkerRed (Node3D) | pos: (0.32253, 1.310591, -0.188169) | rot: (0.0, 0.0, 0.0) | script: marker_point.gd | note_content=Log Intake
    Label3D (Label3D) | pos: (0.32253, 1.810591, -0.188169) | rot: (0.0, 0.0, 0.0)
    EditorVisual (CSGBox3D) | pos: (0.32253, 1.310591, -0.188169) | rot: (0.0, 0.0, 0.0)
  MarkerBlue (Node3D) | pos: (0.201409, 0.858736, 2.127946) | rot: (0.0, 0.0, 0.0) | script: marker_point.gd | note_content=Outfeed
    Label3D (Label3D) | pos: (0.201409, 1.358736, 2.127946) | rot: (0.0, 0.0, 0.0)
    EditorVisual (CSGBox3D) | pos: (0.201409, 0.858736, 2.127946) | rot: (0.0, 0.0, 0.0)
  MarkerGreen (Node3D) | pos: (3.082035, 1.0, 2.062658) | rot: (0.0, 0.0, 0.0) | script: marker_point.gd | note_content=Waste Exit
    Label3D (Label3D) | pos: (3.082035, 1.5, 2.062658) | rot: (0.0, 0.0, 0.0)
    EditorVisual (CSGBox3D) | pos: (3.082035, 1.0, 2.062658) | rot: (0.0, 0.0, 0.0)
  MarkerYellow (Node3D) | pos: (14.03574, 1.274607, 4.368806) | rot: (0.0, -0.636, 0.0) | script: marker_point.gd | note_content=Machine Center
    Label3D (Label3D) | pos: (14.03574, 1.299607, 4.368806) | rot: (0.0, -0.636, 0.0)
    EditorVisual (CSGBox3D) | pos: (14.03574, 1.274607, 4.368806) | rot: (0.0, -0.636, 0.0)
  SmoothRoller (StaticBody3D) | pos: (3.549409, 1.834536, 2.114215) | rot: (0.0, 90.0, 0.0) | script: conveyor.gd | speed=0.2 | direction=(1.0, 0.0, 0.0)
    CollisionShape3D (CollisionShape3D) | pos: (3.549409, 1.834536, 2.114215) | rot: (0.0, 90.0, 90.0)
    Visuals (Node3D) | pos: (3.549409, 1.834536, 2.114215) | rot: (-1.673617, 90.0, 0.0) | script: rotator.gd | speed=-0.2 | axis=(1.0, 0.0, 0.0)
      Core (CSGCylinder3D) | pos: (3.549409, 1.834536, 2.114215) | rot: (-1.673617, 90.0, 90.0)
  SmoothRoller2 (StaticBody3D) | pos: (4.587456, 1.834536, 2.114215) | rot: (0.0, 90.0, 0.0) | script: conveyor.gd | speed=0.2 | direction=(1.0, 0.0, 0.0)
    CollisionShape3D (CollisionShape3D) | pos: (4.587456, 1.834536, 2.114215) | rot: (0.0, 90.0, 90.0)
    Visuals (Node3D) | pos: (4.587456, 1.834536, 2.114215) | rot: (-1.673617, 90.0, 0.0) | script: rotator.gd | speed=-0.2 | axis=(1.0, 0.0, 0.0)
      Core (CSGCylinder3D) | pos: (4.587456, 1.834536, 2.114215) | rot: (-1.673617, 90.0, 90.0)
  Stop (StaticBody3D) | pos: (15.78046, 1.245758, 2.246216) | rot: (0.0, 90.0, 0.0)
    Model (Node3D) | pos: (15.72594, 1.245758, 1.883789) | rot: (0.0, 90.0, 0.0)
      Mesh_0 (MeshInstance3D) | pos: (15.72594, 1.245758, 1.883789) | rot: (0.0, 90.0, 0.0)
    CollisionShape3D (CollisionShape3D) | pos: (15.88809, 1.113678, 1.754862) | rot: (0.0, 90.0, 0.0)
  InclineVisualModel (Node3D) | pos: (14.2198, 0.696827, 3.36551) | rot: (0.0, -180.0, 0.0)
    Mesh_0 (MeshInstance3D) | pos: (14.2198, 0.696827, 3.36551) | rot: (0.0, -180.0, 0.0)
  InclinePart1 (StaticBody3D) | pos: (14.2198, 0.696827, 3.36551) | rot: (0.0, -180.0, 0.0)
    CollisionShape3D (CollisionShape3D) | pos: (14.17763, 0.416996, 2.821596) | rot: (-34.92801, -180.0, -0.000003)
  InclinePart2 (StaticBody3D) | pos: (14.2198, 0.696827, 3.36551) | rot: (0.0, -180.0, 0.0)
    CollisionShape3D (CollisionShape3D) | pos: (14.20267, 0.615274, 3.286324) | rot: (47.134, -180.0, 0.000005)
    CollisionShape3D2 (CollisionShape3D) | pos: (14.06431, 0.371792, 4.12386) | rot: (0.0, -180.0, 90.0)
  InclineLockZone (Area3D) | pos: (14.2, 2.0, 3.3) | rot: (0.0, 0.0, 0.0) | script: rotation_lock_zone.gd
  HeadrigRailSystemInstance (Node3D) | pos: (14.1, 0.705381, 6.551477) | rot: (0.0, 90.0, 0.0)
    Rails (StaticBody3D) | pos: (14.1, 0.705381, 6.551477) | rot: (0.0, 90.0, 0.0)
      CollisionLeft (CollisionShape3D) | pos: (19.1, 0.780381, 6.901477) | rot: (0.0, 90.0, 0.0)
      CollisionRight (CollisionShape3D) | pos: (19.1, 0.780381, 6.301477) | rot: (0.0, 90.0, 0.0)
      CSGCombiner3D (CSGCombiner3D) | pos: (14.1, 0.705381, 6.551477) | rot: (0.0, 90.0, 0.0)
        RailLeft (CSGBox3D) | pos: (19.1, 0.780381, 6.901477) | rot: (0.0, 90.0, 0.0)
        RailRight (CSGBox3D) | pos: (19.1, 0.780381, 6.301477) | rot: (0.0, 90.0, 0.0)
        Tie0 (CSGBox3D) | pos: (25.6, 0.725381, 6.626476) | rot: (0.0, 90.0, 0.0)
        Tie1 (CSGBox3D) | pos: (24.6, 0.725381, 6.626476) | rot: (0.0, 90.0, 0.0)
        Tie2 (CSGBox3D) | pos: (23.6, 0.725381, 6.626477) | rot: (0.0, 90.0, 0.0)
        Tie3 (CSGBox3D) | pos: (22.6, 0.725381, 6.626477) | rot: (0.0, 90.0, 0.0)
        Tie4 (CSGBox3D) | pos: (21.6, 0.725381, 6.626477) | rot: (0.0, 90.0, 0.0)
        Tie5 (CSGBox3D) | pos: (20.6, 0.725381, 6.626477) | rot: (0.0, 90.0, 0.0)
        Tie6 (CSGBox3D) | pos: (19.6, 0.725381, 6.626477) | rot: (0.0, 90.0, 0.0)
        Tie7 (CSGBox3D) | pos: (18.6, 0.725381, 6.626477) | rot: (0.0, 90.0, 0.0)
        Tie8 (CSGBox3D) | pos: (17.6, 0.725381, 6.626477) | rot: (0.0, 90.0, 0.0)
        Tie9 (CSGBox3D) | pos: (16.6, 0.725381, 6.626477) | rot: (0.0, 90.0, 0.0)
        Tie10 (CSGBox3D) | pos: (15.6, 0.725381, 6.626477) | rot: (0.0, 90.0, 0.0)
        Tie11 (CSGBox3D) | pos: (14.6, 0.725381, 6.626477) | rot: (0.0, 90.0, 0.0)
        Tie12 (CSGBox3D) | pos: (13.6, 0.725381, 6.626477) | rot: (0.0, 90.0, 0.0)
        Tie13 (CSGBox3D) | pos: (12.6, 0.725381, 6.626477) | rot: (0.0, 90.0, 0.0)
    HeadrigCarriage (AnimatableBody3D) | pos: (14.1, 0.855381, 6.551477) | rot: (0.0, 90.0, 0.0) | script: headrig_carriage.gd | speed=2.0 | travel_distance=10.0 | pause_at_ends=2.0 | travel_axis=(0.0, 0.0, 1.0) | open_knee_angle=-1.2 | closed_knee_angle=0.2 | open_dog_angle=-0.8 | closed_dog_angle=0.2 | clamp_speed=4.0 | kick_speed_x=2.5 | kick_speed_y=1.5
      CollisionPlatform (CollisionShape3D) | pos: (14.1, 0.930381, 6.626477) | rot: (0.0, 90.0, 0.0)
      CSGCombiner3D (CSGCombiner3D) | pos: (14.1, 0.855381, 6.551477) | rot: (0.0, 90.0, 0.0)
        Platform (CSGBox3D) | pos: (14.1, 0.930381, 6.626477) | rot: (0.0, 90.0, 0.0)
        WheelFL (CSGCylinder3D) | pos: (13.4, 0.805381, 6.901477) | rot: (0.0, 90.0, 90.0)
        WheelFR (CSGCylinder3D) | pos: (13.4, 0.805381, 6.301477) | rot: (0.0, 90.0, 90.0)
        WheelRL (CSGCylinder3D) | pos: (14.8, 0.805381, 6.901477) | rot: (0.0, 90.0, 90.0)
        WheelRR (CSGCylinder3D) | pos: (14.8, 0.805381, 6.301477) | rot: (0.0, 90.0, 90.0)
      KneesAssembly (Node3D) | pos: (14.1, 0.855381, 6.801477) | rot: (0.0, 90.0, 0.0)
        CollisionHeadblock1 (CollisionShape3D) | pos: (13.4, 1.355381, 6.701477) | rot: (0.0, 90.0, 0.0)
        CollisionHeadblock2 (CollisionShape3D) | pos: (14.1, 1.355381, 6.701477) | rot: (0.0, 90.0, 0.0)
        CollisionHeadblock3 (CollisionShape3D) | pos: (14.8, 1.355381, 6.701477) | rot: (0.0, 90.0, 0.0)
        CSGCombiner3D (CSGCombiner3D) | pos: (14.1, 0.855381, 6.801477) | rot: (0.0, 90.0, 0.0)
          Headblock1 (CSGBox3D) | pos: (13.4, 1.355381, 6.701477) | rot: (0.0, 90.0, 0.0)
          Headblock2 (CSGBox3D) | pos: (14.1, 1.355381, 6.701477) | rot: (0.0, 90.0, 0.0)
          Headblock3 (CSGBox3D) | pos: (14.8, 1.355381, 6.701477) | rot: (0.0, 90.0, 0.0)
        DogPivot1 (Node3D) | pos: (13.4, 1.655381, 6.626477) | rot: (0.0, 90.0, -45.83662)
          DogBase (CSGBox3D) | pos: (13.4, 1.547778, 6.521971) | rot: (0.0, 90.0, -45.83662)
          DogTip (CSGBox3D) | pos: (13.4, 1.405339, 6.453332) | rot: (0.0, 90.0, -45.83662)
          CollisionBase (CollisionShape3D) | pos: (13.4, 1.547778, 6.521971) | rot: (0.0, 90.0, -45.83662)
          CollisionTip (CollisionShape3D) | pos: (13.4, 1.405339, 6.453332) | rot: (0.0, 90.0, -45.83662)
        DogPivot2 (Node3D) | pos: (14.1, 1.655381, 6.626477) | rot: (0.0, 90.0, -45.83662)
          DogBase (CSGBox3D) | pos: (14.1, 1.547778, 6.521971) | rot: (0.0, 90.0, -45.83662)
          DogTip (CSGBox3D) | pos: (14.1, 1.405339, 6.453332) | rot: (0.0, 90.0, -45.83662)
          CollisionBase (CollisionShape3D) | pos: (14.1, 1.547778, 6.521971) | rot: (0.0, 90.0, -45.83662)
          CollisionTip (CollisionShape3D) | pos: (14.1, 1.405339, 6.453332) | rot: (0.0, 90.0, -45.83662)
        DogPivot3 (Node3D) | pos: (14.8, 1.655381, 6.626477) | rot: (0.0, 90.0, -45.83662)
          DogBase (CSGBox3D) | pos: (14.8, 1.547778, 6.521971) | rot: (0.0, 90.0, -45.83662)
          DogTip (CSGBox3D) | pos: (14.8, 1.405339, 6.453332) | rot: (0.0, 90.0, -45.83662)
          CollisionBase (CollisionShape3D) | pos: (14.8, 1.547778, 6.521971) | rot: (0.0, 90.0, -45.83662)
          CollisionTip (CollisionShape3D) | pos: (14.8, 1.405339, 6.453332) | rot: (0.0, 90.0, -45.83662)
        KneePivot1 (Node3D) | pos: (13.4, 1.005381, 6.401477) | rot: (0.0, 90.0, -68.75494)
          KneeBase (CSGBox3D) | pos: (13.4, 1.191789, 6.473948) | rot: (0.0, 90.0, -68.75494)
          KneeTip (CSGBox3D) | pos: (13.4, 1.43255, 6.406614) | rot: (0.0, 90.0, -68.75494)
          CollisionBase (CollisionShape3D) | pos: (13.4, 1.191789, 6.473948) | rot: (0.0, 90.0, -68.75494)
          CollisionTip (CollisionShape3D) | pos: (13.4, 1.43255, 6.406614) | rot: (0.0, 90.0, -68.75494)
        KneePivot2 (Node3D) | pos: (14.1, 1.005381, 6.401477) | rot: (0.0, 90.0, -68.75494)
          KneeBase (CSGBox3D) | pos: (14.1, 1.191789, 6.473948) | rot: (0.0, 90.0, -68.75494)
          KneeTip (CSGBox3D) | pos: (14.1, 1.43255, 6.406614) | rot: (0.0, 90.0, -68.75494)
          CollisionBase (CollisionShape3D) | pos: (14.1, 1.191789, 6.473948) | rot: (0.0, 90.0, -68.75494)
          CollisionTip (CollisionShape3D) | pos: (14.1, 1.43255, 6.406614) | rot: (0.0, 90.0, -68.75494)
        KneePivot3 (Node3D) | pos: (14.8, 1.005381, 6.401477) | rot: (0.0, 90.0, -68.75494)
          KneeBase (CSGBox3D) | pos: (14.8, 1.191789, 6.473948) | rot: (0.0, 90.0, -68.75494)
          KneeTip (CSGBox3D) | pos: (14.8, 1.43255, 6.406614) | rot: (0.0, 90.0, -68.75494)
          CollisionBase (CollisionShape3D) | pos: (14.8, 1.191789, 6.473948) | rot: (0.0, 90.0, -68.75494)
          CollisionTip (CollisionShape3D) | pos: (14.8, 1.43255, 6.406614) | rot: (0.0, 90.0, -68.75494)
        LogDetector (Area3D) | pos: (14.1, 1.255381, 6.601477) | rot: (0.0, 90.0, 0.0)
          CollisionShape3D (CollisionShape3D) | pos: (14.1, 1.255381, 6.601477) | rot: (0.0, 90.0, 0.0)
  ReleaseZone (Area3D) | pos: (14.03574, 1.274607, 4.572948) | rot: (0.0, 0.0, 0.0) | script: release_zone.gd | target_to_ignore=../InclinePart2
    CollisionShape3D (CollisionShape3D) | pos: (14.03574, 0.828745, 4.441525) | rot: (0.0, 0.0, 0.0)
  LiftController (Node) | script: lift_controller.gd | pickup_z_min=2.6 | pickup_z_max=3.2 | travel_z_max=4.5 | start_delay=2.0
  Path3D (Path3D) | pos: (13.37875, 0.333957, 2.967536) | rot: (0.0, 0.0, 0.0)
    PathFollow3D (PathFollow3D) | pos: (13.37842, 0.333038, 2.971552) | rot: (48.4893, -179.6834, 0.0)
      LogLift (AnimatableBody3D) | pos: (13.38395, 0.292366, 2.830775) | rot: (0.000003, 90.00001, -49.89299) | script: log_lift.gd | speed=0.2 | direction_multiplier=-1.0 | reset_threshold_z=4.38
        Model (Node3D) | pos: (13.38395, 0.292366, 2.830775) | rot: (0.000003, 90.00001, -49.89299)
          Mesh_0 (MeshInstance3D) | pos: (13.38395, 0.292366, 2.830775) | rot: (0.000003, 90.00001, -49.89299)
        CollisionShape3D (CollisionShape3D) | pos: (13.38395, 0.357731, 2.818035) | rot: (0.000003, 90.00001, -49.89299)
  Path3D2 (Path3D) | pos: (13.89096, 0.333957, 2.967536) | rot: (0.0, 0.0, 0.0)
    PathFollow3D (PathFollow3D) | pos: (13.89063, 0.333038, 2.971552) | rot: (48.4893, -179.6834, 0.0)
      LogLift (AnimatableBody3D) | pos: (13.89616, 0.292366, 2.830774) | rot: (0.000003, 90.00001, -49.89299) | script: log_lift.gd | speed=0.2 | direction_multiplier=-1.0 | reset_threshold_z=4.38
        Model (Node3D) | pos: (13.89616, 0.292366, 2.830774) | rot: (0.000003, 90.00001, -49.89299)
          Mesh_0 (MeshInstance3D) | pos: (13.89616, 0.292366, 2.830774) | rot: (0.000003, 90.00001, -49.89299)
        CollisionShape3D (CollisionShape3D) | pos: (13.89616, 0.354651, 2.81544) | rot: (0.000003, 90.00001, -49.89299)
  Path3D3 (Path3D) | pos: (14.21287, 0.333957, 2.967536) | rot: (0.0, 0.0, 0.0)
    PathFollow3D (PathFollow3D) | pos: (14.21255, 0.333038, 2.971552) | rot: (48.4893, -179.6834, 0.0)
      LogLift (AnimatableBody3D) | pos: (14.21807, 0.292366, 2.830774) | rot: (0.000003, 90.00001, -49.89299) | script: log_lift.gd | speed=0.2 | direction_multiplier=-1.0 | reset_threshold_z=4.38
        Model (Node3D) | pos: (14.21807, 0.292366, 2.830774) | rot: (0.000003, 90.00001, -49.89299)
          Mesh_0 (MeshInstance3D) | pos: (14.21807, 0.292366, 2.830774) | rot: (0.000003, 90.00001, -49.89299)
        CollisionShape3D (CollisionShape3D) | pos: (14.21807, 0.354651, 2.815439) | rot: (0.000003, 90.00001, -49.89299)
  Path3D4 (Path3D) | pos: (14.56298, 0.333957, 2.967536) | rot: (0.0, 0.0, 0.0)
    PathFollow3D (PathFollow3D) | pos: (14.56265, 0.333038, 2.971552) | rot: (48.48931, -179.6834, 0.0)
      LogLift (AnimatableBody3D) | pos: (14.56818, 0.292365, 2.830774) | rot: (0.000003, 90.00001, -49.89298) | script: log_lift.gd | speed=0.2 | direction_multiplier=-1.0 | reset_threshold_z=4.38
        Model (Node3D) | pos: (14.56818, 0.292365, 2.830774) | rot: (0.000003, 90.00001, -49.89298)
          Mesh_0 (MeshInstance3D) | pos: (14.56818, 0.292365, 2.830774) | rot: (0.000003, 90.00001, -49.89298)
        CollisionShape3D (CollisionShape3D) | pos: (14.56818, 0.354651, 2.815439) | rot: (0.000003, 90.00001, -49.89298)
  Path3D5 (Path3D) | pos: (15.0218, 0.333957, 2.967536) | rot: (0.0, 0.0, 0.0)
    PathFollow3D (PathFollow3D) | pos: (15.02148, 0.333038, 2.971552) | rot: (48.48931, -179.6834, 0.0)
      LogLift (AnimatableBody3D) | pos: (15.02701, 0.292366, 2.830774) | rot: (0.000003, 90.00001, -49.89298) | script: log_lift.gd | speed=0.2 | direction_multiplier=-1.0 | reset_threshold_z=4.38
        Model (Node3D) | pos: (15.02701, 0.292366, 2.830774) | rot: (0.000003, 90.00001, -49.89298)
          Mesh_0 (MeshInstance3D) | pos: (15.02701, 0.292366, 2.830774) | rot: (0.000003, 90.00001, -49.89298)
        CollisionShape3D (CollisionShape3D) | pos: (15.02701, 0.354651, 2.815439) | rot: (0.000003, 90.00001, -49.89298)
  OutfeedConveyor (StaticBody3D) | pos: (25.30345, 0.395, 5.440242) | rot: (0.0, -90.0, 0.0) | script: conveyor.gd | speed=2.0 | direction=(1.0, 0.0, 0.0)
    CollisionShape3D (CollisionShape3D) | pos: (25.30345, 0.395, 5.440242) | rot: (0.0, -90.0, 0.0)
    CollisionShapeLeft (CollisionShape3D) | pos: (25.30345, 0.545, 4.790242) | rot: (0.0, -90.0, 0.0)
    CollisionShapeRight (CollisionShape3D) | pos: (25.30345, 0.545, 6.090242) | rot: (0.0, -90.0, 0.0)
    Visuals (Node3D) | pos: (25.30345, 0.395, 5.440242) | rot: (0.0, -90.0, 0.0)
      Belt (CSGBox3D) | pos: (25.30345, 0.395, 5.440242) | rot: (0.0, -90.0, 0.0)
      RailLeft (CSGBox3D) | pos: (25.30345, 0.545, 4.790242) | rot: (0.0, -90.0, 0.0)
      RailRight (CSGBox3D) | pos: (25.30345, 0.545, 6.090242) | rot: (0.0, -90.0, 0.0)
  Bandsaw (Node3D) | pos: (19.0, -0.083, 6.13) | rot: (0.0, 0.0, 0.0)
    CSGCombiner3D (CSGCombiner3D) | pos: (19.0, -0.083, 6.13) | rot: (0.0, 0.0, 0.0)
      Column (CSGBox3D) | pos: (19.0, 1.717, 5.53) | rot: (0.0, 0.0, 0.0)
      TopHousing (CSGBox3D) | pos: (19.0, 3.217, 5.83) | rot: (0.0, 0.0, 0.0)
      BottomHousing (CSGBox3D) | pos: (19.0, 0.417, 5.83) | rot: (0.0, 0.0, 0.0)
      Blade (CSGBox3D) | pos: (19.0, 1.817, 6.13) | rot: (0.0, 90.0, 0.0)
      GuideArm (CSGBox3D) | pos: (19.0, 1.417, 5.98) | rot: (0.0, 0.0, 0.0)
      LaserSupportBracketCross (CSGBox3D) | pos: (19.0, 2.517, 5.83) | rot: (0.0, 0.0, 0.0)
      LaserSupportBracketLong (CSGBox3D) | pos: (17.75, 2.517, 6.13) | rot: (0.0, 0.0, 0.0)
      LaserEmitterHousing (CSGBox3D) | pos: (17.75, 2.417, 6.13) | rot: (0.0, 0.0, 0.0)
    LaserDecal (Decal) | pos: (17.75, 1.577, 6.13) | rot: (0.0, 0.0, 0.0)
  DebarkerLight (SpotLight3D) | pos: (5.165, 2.8, 2.072) | rot: (-90.0, 0.0, 0.0)
  VibratorLight (OmniLight3D) | pos: (5.165, 0.2, 0.5) | rot: (0.0, 0.0, 0.0)
  BandsawLight (SpotLight3D) | pos: (19.0, 2.5, 6.5) | rot: (-75.0, 0.0, 0.0)
  LogLiftLight (SpotLight3D) | pos: (14.2, 3.2, 3.8) | rot: (-59.99998, 0.0, 0.0)
  LogDeckLight (SpotLight3D) | pos: (14.1, 3.0, 6.2) | rot: (-75.0, 0.0, 0.0)
  DebarkerDeckLight (SpotLight3D) | pos: (0.28, 3.0, 1.6) | rot: (-75.0, 0.0, 0.0)
  Ground (StaticBody3D) | pos: (10.0, -0.9, 2.0) | rot: (0.0, 0.0, 0.0)
    CollisionShape3D (CollisionShape3D) | pos: (10.0, -0.9, 2.0) | rot: (0.0, 0.0, 0.0)
    Visuals (CSGBox3D) | pos: (10.0, -0.9, 2.0) | rot: (0.0, 0.0, 0.0)
  SkyClouds (Node3D) | pos: (0.0, 0.0, 0.0) | rot: (0.0, 0.0, 0.0) | script: sky_clouds.gd | cloud_count=16 | sky_height=22.0 | wind_speed=0.4 | area_size=70.0
    Cloud_0 (Node3D) | pos: (24.23042, 21.93211, 5.381615) | rot: (0.0, 0.0, 0.0)
      @MeshInstance3D@2 (MeshInstance3D) | pos: (25.56556, 21.99488, 4.202556) | rot: (0.0, 0.0, 0.0)
      @MeshInstance3D@3 (MeshInstance3D) | pos: (25.28934, 21.9415, 5.824959) | rot: (0.0, 0.0, 0.0)
      @MeshInstance3D@4 (MeshInstance3D) | pos: (24.44058, 21.92353, 6.861684) | rot: (0.0, 0.0, 0.0)
      @MeshInstance3D@5 (MeshInstance3D) | pos: (25.32385, 22.21253, 6.675669) | rot: (0.0, 0.0, 0.0)
      @MeshInstance3D@6 (MeshInstance3D) | pos: (24.65692, 22.15643, 5.165254) | rot: (0.0, 0.0, 0.0)
      @MeshInstance3D@7 (MeshInstance3D) | pos: (24.13714, 22.29778, 5.303809) | rot: (0.0, 0.0, 0.0)
    Cloud_1 (Node3D) | pos: (24.86072, 23.93007, -17.45705) | rot: (0.0, 0.0, 0.0)
      @MeshInstance3D@8 (MeshInstance3D) | pos: (24.28297, 23.9627, -18.38128) | rot: (0.0, 0.0, 0.0)
      @MeshInstance3D@9 (MeshInstance3D) | pos: (23.4086, 23.58944, -16.71547) | rot: (0.0, 0.0, 0.0)
      @MeshInstance3D@10 (MeshInstance3D) | pos: (25.66476, 24.01375, -18.42909) | rot: (0.0, 0.0, 0.0)
      @MeshInstance3D@11 (MeshInstance3D) | pos: (25.66059, 23.85891, -17.21971) | rot: (0.0, 0.0, 0.0)
    Cloud_2 (Node3D) | pos: (-21.60573, 22.32759, -18.23238) | rot: (0.0, 0.0, 0.0)
      @MeshInstance3D@12 (MeshInstance3D) | pos: (-20.16961, 22.29565, -19.32712) | rot: (0.0, 0.0, 0.0)
      @MeshInstance3D@13 (MeshInstance3D) | pos: (-22.37056, 22.51103, -18.88147) | rot: (0.0, 0.0, 0.0)
      @MeshInstance3D@14 (MeshInstance3D) | pos: (-22.33016, 22.36858, -17.32293) | rot: (0.0, 0.0, 0.0)
      @MeshInstance3D@15 (MeshInstance3D) | pos: (-21.53545, 22.2083, -17.8798) | rot: (0.0, 0.0, 0.0)
    Cloud_3 (Node3D) | pos: (26.48931, 22.32622, -25.58123) | rot: (0.0, 0.0, 0.0)
      @MeshInstance3D@16 (MeshInstance3D) | pos: (25.72087, 22.52016, -24.8677) | rot: (0.0, 0.0, 0.0)
      @MeshInstance3D@17 (MeshInstance3D) | pos: (26.39956, 22.14574, -24.85236) | rot: (0.0, 0.0, 0.0)
      @MeshInstance3D@18 (MeshInstance3D) | pos: (25.86234, 22.26804, -26.85793) | rot: (0.0, 0.0, 0.0)
      @MeshInstance3D@19 (MeshInstance3D) | pos: (26.51049, 22.46014, -25.87472) | rot: (0.0, 0.0, 0.0)
    Cloud_4 (Node3D) | pos: (33.00845, 20.71253, 7.812054) | rot: (0.0, 0.0, 0.0)
      @MeshInstance3D@20 (MeshInstance3D) | pos: (32.45856, 20.88838, 8.5133) | rot: (0.0, 0.0, 0.0)
      @MeshInstance3D@21 (MeshInstance3D) | pos: (33.13786, 20.57556, 9.296146) | rot: (0.0, 0.0, 0.0)
      @MeshInstance3D@22 (MeshInstance3D) | pos: (34.25156, 20.35303, 6.702976) | rot: (0.0, 0.0, 0.0)
      @MeshInstance3D@23 (MeshInstance3D) | pos: (31.86785, 20.74467, 8.703534) | rot: (0.0, 0.0, 0.0)
      @MeshInstance3D@24 (MeshInstance3D) | pos: (33.5904, 20.66738, 7.26781) | rot: (0.0, 0.0, 0.0)
      @MeshInstance3D@25 (MeshInstance3D) | pos: (34.33128, 20.32002, 6.465801) | rot: (0.0, 0.0, 0.0)
    Cloud_5 (Node3D) | pos: (28.23483, 20.89952, -33.31578) | rot: (0.0, 0.0, 0.0)
      @MeshInstance3D@26 (MeshInstance3D) | pos: (27.34995, 21.26081, -32.76262) | rot: (0.0, 0.0, 0.0)
      @MeshInstance3D@27 (MeshInstance3D) | pos: (27.77368, 20.82159, -31.78401) | rot: (0.0, 0.0, 0.0)
      @MeshInstance3D@28 (MeshInstance3D) | pos: (26.73228, 20.55901, -32.25243) | rot: (0.0, 0.0, 0.0)
    Cloud_6 (Node3D) | pos: (-28.56212, 23.06913, 23.34807) | rot: (0.0, 0.0, 0.0)
      @MeshInstance3D@29 (MeshInstance3D) | pos: (-28.63233, 23.1886, 22.36566) | rot: (0.0, 0.0, 0.0)
      @MeshInstance3D@30 (MeshInstance3D) | pos: (-28.60629, 23.27815, 23.44789) | rot: (0.0, 0.0, 0.0)
      @MeshInstance3D@31 (MeshInstance3D) | pos: (-30.13466, 23.17924, 21.84143) | rot: (0.0, 0.0, 0.0)
      @MeshInstance3D@32 (MeshInstance3D) | pos: (-27.12368, 22.77673, 24.20909) | rot: (0.0, 0.0, 0.0)
      @MeshInstance3D@33 (MeshInstance3D) | pos: (-29.67429, 22.78179, 23.36234) | rot: (0.0, 0.0, 0.0)
    Cloud_7 (Node3D) | pos: (12.35459, 22.34971, 20.77272) | rot: (0.0, 0.0, 0.0)
      @MeshInstance3D@34 (MeshInstance3D) | pos: (12.20336, 22.16327, 20.72179) | rot: (0.0, 0.0, 0.0)
      @MeshInstance3D@35 (MeshInstance3D) | pos: (12.73038, 22.66591, 21.46663) | rot: (0.0, 0.0, 0.0)
      @MeshInstance3D@36 (MeshInstance3D) | pos: (10.77507, 22.38379, 19.29946) | rot: (0.0, 0.0, 0.0)
      @MeshInstance3D@37 (MeshInstance3D) | pos: (11.94984, 21.98131, 20.25684) | rot: (0.0, 0.0, 0.0)
    Cloud_8 (Node3D) | pos: (-9.934365, 20.51143, -19.0388) | rot: (0.0, 0.0, 0.0)
      @MeshInstance3D@38 (MeshInstance3D) | pos: (-8.501146, 20.27093, -18.8093) | rot: (0.0, 0.0, 0.0)
      @MeshInstance3D@39 (MeshInstance3D) | pos: (-11.2862, 20.46053, -20.38596) | rot: (0.0, 0.0, 0.0)
      @MeshInstance3D@40 (MeshInstance3D) | pos: (-11.53088, 20.13553, -20.34997) | rot: (0.0, 0.0, 0.0)
    Cloud_9 (Node3D) | pos: (3.611051, 23.74814, 8.376062) | rot: (0.0, 0.0, 0.0)
      @MeshInstance3D@41 (MeshInstance3D) | pos: (4.57992, 24.11377, 9.24064) | rot: (0.0, 0.0, 0.0)
      @MeshInstance3D@42 (MeshInstance3D) | pos: (2.436225, 24.11416, 7.192632) | rot: (0.0, 0.0, 0.0)
      @MeshInstance3D@43 (MeshInstance3D) | pos: (3.256964, 23.3838, 6.996351) | rot: (0.0, 0.0, 0.0)
    Cloud_10 (Node3D) | pos: (21.3663, 21.60796, 1.388051) | rot: (0.0, 0.0, 0.0)
      @MeshInstance3D@44 (MeshInstance3D) | pos: (21.69112, 21.27305, 1.768513) | rot: (0.0, 0.0, 0.0)
      @MeshInstance3D@45 (MeshInstance3D) | pos: (21.05983, 21.57873, 1.584668) | rot: (0.0, 0.0, 0.0)
      @MeshInstance3D@46 (MeshInstance3D) | pos: (20.32602, 21.39937, 0.895462) | rot: (0.0, 0.0, 0.0)
    Cloud_11 (Node3D) | pos: (-27.3509, 20.29635, -18.66691) | rot: (0.0, 0.0, 0.0)
      @MeshInstance3D@47 (MeshInstance3D) | pos: (-26.36621, 20.45943, -19.04251) | rot: (0.0, 0.0, 0.0)
      @MeshInstance3D@48 (MeshInstance3D) | pos: (-28.68266, 20.09284, -18.53979) | rot: (0.0, 0.0, 0.0)
      @MeshInstance3D@49 (MeshInstance3D) | pos: (-28.55601, 20.341, -19.17114) | rot: (0.0, 0.0, 0.0)
      @MeshInstance3D@50 (MeshInstance3D) | pos: (-28.31262, 20.60151, -20.15944) | rot: (0.0, 0.0, 0.0)
    Cloud_12 (Node3D) | pos: (22.94631, 23.38642, 33.52264) | rot: (0.0, 0.0, 0.0)
      @MeshInstance3D@51 (MeshInstance3D) | pos: (21.94558, 23.57455, 32.00298) | rot: (0.0, 0.0, 0.0)
      @MeshInstance3D@52 (MeshInstance3D) | pos: (24.28851, 23.46865, 33.2649) | rot: (0.0, 0.0, 0.0)
      @MeshInstance3D@53 (MeshInstance3D) | pos: (24.33544, 23.73983, 33.65252) | rot: (0.0, 0.0, 0.0)
      @MeshInstance3D@54 (MeshInstance3D) | pos: (21.71226, 23.3855, 32.19455) | rot: (0.0, 0.0, 0.0)
      @MeshInstance3D@55 (MeshInstance3D) | pos: (23.18814, 23.45804, 34.66726) | rot: (0.0, 0.0, 0.0)
      @MeshInstance3D@56 (MeshInstance3D) | pos: (22.46044, 23.38539, 32.7396) | rot: (0.0, 0.0, 0.0)
    Cloud_13 (Node3D) | pos: (19.70307, 22.009, 13.34657) | rot: (0.0, 0.0, 0.0)
      @MeshInstance3D@57 (MeshInstance3D) | pos: (20.70161, 22.20729, 13.15743) | rot: (0.0, 0.0, 0.0)
      @MeshInstance3D@58 (MeshInstance3D) | pos: (20.27894, 21.94172, 13.06304) | rot: (0.0, 0.0, 0.0)
      @MeshInstance3D@59 (MeshInstance3D) | pos: (21.22837, 22.40428, 13.37077) | rot: (0.0, 0.0, 0.0)
    Cloud_14 (Node3D) | pos: (15.29605, 21.07918, -32.61322) | rot: (0.0, 0.0, 0.0)
      @MeshInstance3D@60 (MeshInstance3D) | pos: (14.29516, 20.91974, -33.31354) | rot: (0.0, 0.0, 0.0)
      @MeshInstance3D@61 (MeshInstance3D) | pos: (15.85857, 21.02863, -31.25842) | rot: (0.0, 0.0, 0.0)
      @MeshInstance3D@62 (MeshInstance3D) | pos: (16.79362, 21.37252, -32.04833) | rot: (0.0, 0.0, 0.0)
      @MeshInstance3D@63 (MeshInstance3D) | pos: (15.51389, 20.74198, -32.48721) | rot: (0.0, 0.0, 0.0)
    Cloud_15 (Node3D) | pos: (-10.63371, 23.45191, -8.925767) | rot: (0.0, 0.0, 0.0)
      @MeshInstance3D@64 (MeshInstance3D) | pos: (-9.293876, 23.51278, -8.557698) | rot: (0.0, 0.0, 0.0)
      @MeshInstance3D@65 (MeshInstance3D) | pos: (-9.566471, 23.56579, -10.4246) | rot: (0.0, 0.0, 0.0)
      @MeshInstance3D@66 (MeshInstance3D) | pos: (-10.67798, 23.75305, -8.954569) | rot: (0.0, 0.0, 0.0)
      @MeshInstance3D@67 (MeshInstance3D) | pos: (-10.56922, 23.73453, -9.326412) | rot: (0.0, 0.0, 0.0)
      @MeshInstance3D@68 (MeshInstance3D) | pos: (-10.00301, 23.34538, -9.698779) | rot: (0.0, 0.0, 0.0)
      @MeshInstance3D@69 (MeshInstance3D) | pos: (-10.75488, 23.53847, -8.763687) | rot: (0.0, 0.0, 0.0)
  InclineChainConveyor (StaticBody3D) | pos: (5.165, 1.35, -5.75) | rot: (-26.56508, 180.0, 0.0) | script: incline_chain_conveyor.gd | speed=1.4 | direction=(0.0, 0.447, -0.894) | conveyor_length=9.0 | link_spacing=0.7 | link_scale=(1.0, 1.0, 1.0)
    CollisionShape3D (CollisionShape3D) | pos: (5.165, 1.417082, -5.716459) | rot: (-26.56508, 180.0, 0.0)
    CollisionShape3D2 (CollisionShape3D) | pos: (5.665, 1.573607, -5.638196) | rot: (-26.56508, 180.0, 0.0)
    CollisionShape3D3 (CollisionShape3D) | pos: (4.665, 1.573607, -5.638196) | rot: (-26.56508, 180.0, 0.0)
    Visuals (Node3D) | pos: (5.165, 1.35, -5.75) | rot: (-26.56508, 180.0, 0.0)
      Bed (CSGBox3D) | pos: (5.165, 1.394721, -5.727639) | rot: (-26.56508, 180.0, 0.0)
      WallLeft (CSGBox3D) | pos: (5.665, 1.573607, -5.638196) | rot: (-26.56508, 180.0, 0.0)
      WallRight (CSGBox3D) | pos: (4.665, 1.573607, -5.638196) | rot: (-26.56508, 180.0, 0.0)
      Leg1 (CSGCylinder3D) | pos: (5.165, 1.439444, -9.282988) | rot: (-53.13015, 180.0, 0.0)
      Leg2 (CSGCylinder3D) | pos: (5.165, 0.097801, -4.140032) | rot: (-53.13015, 180.0, 0.0)
      ChainContainer (Node3D) | pos: (5.165, 1.35, -5.75) | rot: (-26.56508, 180.0, 0.0)
        RollerLink_0 (Node3D) | pos: (5.165, -0.499467, -1.872186) | rot: (-26.56508, 180.0, 0.0)
          @MeshInstance3D@70 (MeshInstance3D) | pos: (5.585, -0.445801, -1.845353) | rot: (-26.56508, 180.0, 0.0)
          @MeshInstance3D@71 (MeshInstance3D) | pos: (4.745, -0.445801, -1.845353) | rot: (-26.56508, 180.0, 0.0)
          @MeshInstance3D@72 (MeshInstance3D) | pos: (5.165, -0.445801, -1.845353) | rot: (-26.56508, 180.0, 90.0)
          @MeshInstance3D@73 (MeshInstance3D) | pos: (5.165, -0.392135, -1.81852) | rot: (-26.56508, 180.0, 0.0)
        RollerLink_1 (Node3D) | pos: (5.165, -0.186417, -2.498285) | rot: (-26.56508, 180.0, 0.0)
          @MeshInstance3D@74 (MeshInstance3D) | pos: (5.585, -0.132751, -2.471452) | rot: (-26.56508, 180.0, 0.0)
          @MeshInstance3D@75 (MeshInstance3D) | pos: (4.745, -0.132751, -2.471452) | rot: (-26.56508, 180.0, 0.0)
          @MeshInstance3D@76 (MeshInstance3D) | pos: (5.165, -0.132751, -2.471452) | rot: (-26.56508, 180.0, 90.0)
          @MeshInstance3D@77 (MeshInstance3D) | pos: (5.165, -0.079086, -2.444619) | rot: (-26.56508, 180.0, 0.0)
        RollerLink_2 (Node3D) | pos: (5.165, 0.126633, -3.124383) | rot: (-26.56508, 180.0, 0.0)
          @MeshInstance3D@78 (MeshInstance3D) | pos: (5.585, 0.180299, -3.097551) | rot: (-26.56508, 180.0, 0.0)
          @MeshInstance3D@79 (MeshInstance3D) | pos: (4.745, 0.180299, -3.097551) | rot: (-26.56508, 180.0, 0.0)
          @MeshInstance3D@80 (MeshInstance3D) | pos: (5.165, 0.180299, -3.097551) | rot: (-26.56508, 180.0, 90.0)
          @MeshInstance3D@81 (MeshInstance3D) | pos: (5.165, 0.233964, -3.070718) | rot: (-26.56508, 180.0, 0.0)
        RollerLink_3 (Node3D) | pos: (5.165, 0.439683, -3.750483) | rot: (-26.56508, 180.0, 0.0)
          @MeshInstance3D@82 (MeshInstance3D) | pos: (5.585, 0.493349, -3.72365) | rot: (-26.56508, 180.0, 0.0)
          @MeshInstance3D@83 (MeshInstance3D) | pos: (4.745, 0.493349, -3.72365) | rot: (-26.56508, 180.0, 0.0)
          @MeshInstance3D@84 (MeshInstance3D) | pos: (5.165, 0.493349, -3.72365) | rot: (-26.56508, 180.0, 90.0)
          @MeshInstance3D@85 (MeshInstance3D) | pos: (5.165, 0.547014, -3.696817) | rot: (-26.56508, 180.0, 0.0)
        RollerLink_4 (Node3D) | pos: (5.165, 0.752733, -4.376581) | rot: (-26.56508, 180.0, 0.0)
          @MeshInstance3D@86 (MeshInstance3D) | pos: (5.585, 0.806398, -4.349748) | rot: (-26.56508, 180.0, 0.0)
          @MeshInstance3D@87 (MeshInstance3D) | pos: (4.745, 0.806398, -4.349748) | rot: (-26.56508, 180.0, 0.0)
          @MeshInstance3D@88 (MeshInstance3D) | pos: (5.165, 0.806398, -4.349748) | rot: (-26.56508, 180.0, 90.0)
          @MeshInstance3D@89 (MeshInstance3D) | pos: (5.165, 0.860064, -4.322916) | rot: (-26.56508, 180.0, 0.0)
        RollerLink_5 (Node3D) | pos: (5.165, 1.065782, -5.00268) | rot: (-26.56508, 180.0, 0.0)
          @MeshInstance3D@90 (MeshInstance3D) | pos: (5.585, 1.119448, -4.975847) | rot: (-26.56508, 180.0, 0.0)
          @MeshInstance3D@91 (MeshInstance3D) | pos: (4.745, 1.119448, -4.975847) | rot: (-26.56508, 180.0, 0.0)
          @MeshInstance3D@92 (MeshInstance3D) | pos: (5.165, 1.119448, -4.975847) | rot: (-26.56508, 180.0, 90.0)
          @MeshInstance3D@93 (MeshInstance3D) | pos: (5.165, 1.173114, -4.949015) | rot: (-26.56508, 180.0, 0.0)
        RollerLink_6 (Node3D) | pos: (5.165, 1.378832, -5.628779) | rot: (-26.56508, 180.0, 0.0)
          @MeshInstance3D@94 (MeshInstance3D) | pos: (5.585, 1.432498, -5.601946) | rot: (-26.56508, 180.0, 0.0)
          @MeshInstance3D@95 (MeshInstance3D) | pos: (4.745, 1.432498, -5.601946) | rot: (-26.56508, 180.0, 0.0)
          @MeshInstance3D@96 (MeshInstance3D) | pos: (5.165, 1.432498, -5.601946) | rot: (-26.56508, 180.0, 90.0)
          @MeshInstance3D@97 (MeshInstance3D) | pos: (5.165, 1.486163, -5.575113) | rot: (-26.56508, 180.0, 0.0)
        RollerLink_7 (Node3D) | pos: (5.165, 1.691882, -6.254878) | rot: (-26.56508, 180.0, 0.0)
          @MeshInstance3D@98 (MeshInstance3D) | pos: (5.585, 1.745548, -6.228045) | rot: (-26.56508, 180.0, 0.0)
          @MeshInstance3D@99 (MeshInstance3D) | pos: (4.745, 1.745548, -6.228045) | rot: (-26.56508, 180.0, 0.0)
          @MeshInstance3D@100 (MeshInstance3D) | pos: (5.165, 1.745548, -6.228045) | rot: (-26.56508, 180.0, 90.0)
          @MeshInstance3D@101 (MeshInstance3D) | pos: (5.165, 1.799213, -6.201212) | rot: (-26.56508, 180.0, 0.0)
        RollerLink_8 (Node3D) | pos: (5.165, 2.004932, -6.880977) | rot: (-26.56508, 180.0, 0.0)
          @MeshInstance3D@102 (MeshInstance3D) | pos: (5.585, 2.058598, -6.854144) | rot: (-26.56508, 180.0, 0.0)
          @MeshInstance3D@103 (MeshInstance3D) | pos: (4.745, 2.058598, -6.854144) | rot: (-26.56508, 180.0, 0.0)
          @MeshInstance3D@104 (MeshInstance3D) | pos: (5.165, 2.058598, -6.854144) | rot: (-26.56508, 180.0, 90.0)
          @MeshInstance3D@105 (MeshInstance3D) | pos: (5.165, 2.112263, -6.827311) | rot: (-26.56508, 180.0, 0.0)
        RollerLink_9 (Node3D) | pos: (5.165, 2.317982, -7.507076) | rot: (-26.56508, 180.0, 0.0)
          @MeshInstance3D@106 (MeshInstance3D) | pos: (5.585, 2.371647, -7.480243) | rot: (-26.56508, 180.0, 0.0)
          @MeshInstance3D@107 (MeshInstance3D) | pos: (4.745, 2.371647, -7.480243) | rot: (-26.56508, 180.0, 0.0)
          @MeshInstance3D@108 (MeshInstance3D) | pos: (5.165, 2.371647, -7.480243) | rot: (-26.56508, 180.0, 90.0)
          @MeshInstance3D@109 (MeshInstance3D) | pos: (5.165, 2.425313, -7.45341) | rot: (-26.56508, 180.0, 0.0)
        RollerLink_10 (Node3D) | pos: (5.165, 2.631032, -8.133175) | rot: (-26.56508, 180.0, 0.0)
          @MeshInstance3D@110 (MeshInstance3D) | pos: (5.585, 2.684697, -8.106342) | rot: (-26.56508, 180.0, 0.0)
          @MeshInstance3D@111 (MeshInstance3D) | pos: (4.745, 2.684697, -8.106342) | rot: (-26.56508, 180.0, 0.0)
          @MeshInstance3D@112 (MeshInstance3D) | pos: (5.165, 2.684697, -8.106342) | rot: (-26.56508, 180.0, 90.0)
          @MeshInstance3D@113 (MeshInstance3D) | pos: (5.165, 2.738363, -8.079509) | rot: (-26.56508, 180.0, 0.0)
        RollerLink_11 (Node3D) | pos: (5.165, 2.944081, -8.759274) | rot: (-26.56508, 180.0, 0.0)
          @MeshInstance3D@114 (MeshInstance3D) | pos: (5.585, 2.997747, -8.732441) | rot: (-26.56508, 180.0, 0.0)
          @MeshInstance3D@115 (MeshInstance3D) | pos: (4.745, 2.997747, -8.732441) | rot: (-26.56508, 180.0, 0.0)
          @MeshInstance3D@116 (MeshInstance3D) | pos: (5.165, 2.997747, -8.732441) | rot: (-26.56508, 180.0, 90.0)
          @MeshInstance3D@117 (MeshInstance3D) | pos: (5.165, 3.051413, -8.705607) | rot: (-26.56508, 180.0, 0.0)
        RollerLink_12 (Node3D) | pos: (5.165, 3.257131, -9.385372) | rot: (-26.56508, 180.0, 0.0)
          @MeshInstance3D@118 (MeshInstance3D) | pos: (5.585, 3.310797, -9.35854) | rot: (-26.56508, 180.0, 0.0)
          @MeshInstance3D@119 (MeshInstance3D) | pos: (4.745, 3.310797, -9.35854) | rot: (-26.56508, 180.0, 0.0)
          @MeshInstance3D@120 (MeshInstance3D) | pos: (5.165, 3.310797, -9.35854) | rot: (-26.56508, 180.0, 90.0)
          @MeshInstance3D@121 (MeshInstance3D) | pos: (5.165, 3.364462, -9.331706) | rot: (-26.56508, 180.0, 0.0)
        RollerLink_13 (Node3D) | pos: (5.165, -0.454745, -1.961628) | rot: (-26.56508, 180.0, 0.0)
          @MeshInstance3D@122 (MeshInstance3D) | pos: (5.585, -0.40108, -1.934796) | rot: (-26.56508, 180.0, 0.0)
          @MeshInstance3D@123 (MeshInstance3D) | pos: (4.745, -0.40108, -1.934796) | rot: (-26.56508, 180.0, 0.0)
          @MeshInstance3D@124 (MeshInstance3D) | pos: (5.165, -0.40108, -1.934796) | rot: (-26.56508, 180.0, 90.0)
          @MeshInstance3D@125 (MeshInstance3D) | pos: (5.165, -0.347414, -1.907963) | rot: (-26.56508, 180.0, 0.0)
  SemiTrailer (StaticBody3D) | pos: (5.165, -0.9, -9.75) | rot: (0.0, 180.0, 0.0)
    Collision_Floor (CollisionShape3D) | pos: (5.165, -0.35, -9.75) | rot: (0.0, 180.0, 0.0)
    Collision_LeftWall (CollisionShape3D) | pos: (6.415, 0.6, -9.75) | rot: (0.0, 180.0, 0.0)
    Collision_RightWall (CollisionShape3D) | pos: (3.915, 0.6, -9.75) | rot: (0.0, 180.0, 0.0)
    Collision_FrontWall (CollisionShape3D) | pos: (5.165, 0.6, -13.2) | rot: (0.0, 180.0, 0.0)
    Collision_BackWall (CollisionShape3D) | pos: (5.165, 0.6, -6.3) | rot: (0.0, 180.0, 0.0)
    Visuals (Node3D) | pos: (5.165, -0.9, -9.75) | rot: (0.0, 180.0, 0.0)
      Chassis (CSGBox3D) | pos: (5.165, -0.45, -9.75) | rot: (0.0, 180.0, 0.0)
      HitchBar (CSGBox3D) | pos: (5.165, -0.65, -13.45) | rot: (0.0, 180.0, 0.0)
      HitchPost (CSGCylinder3D) | pos: (5.165, -0.75, -14.05) | rot: (0.0, 180.0, 0.0)
      TrailerBody (CSGCombiner3D) | pos: (5.165, -0.9, -9.75) | rot: (0.0, 180.0, 0.0)
        OuterBox (CSGBox3D) | pos: (5.165, 0.6, -9.75) | rot: (0.0, 180.0, 0.0)
        InnerBox (CSGBox3D) | pos: (5.165, 0.7, -9.75) | rot: (0.0, 180.0, 0.0)
      Wheels (Node3D) | pos: (5.165, -0.9, -9.75) | rot: (0.0, 180.0, 0.0)
        TireFL (CSGCylinder3D) | pos: (6.165, -0.6, -7.95) | rot: (0.0, 180.0, 90.0)
          RimFL (CSGCylinder3D) | pos: (6.185, -0.6, -7.95) | rot: (0.0, 180.0, 90.0)
        TireFR (CSGCylinder3D) | pos: (4.165, -0.6, -7.95) | rot: (0.0, 180.0, 90.0)
          RimFR (CSGCylinder3D) | pos: (4.185, -0.6, -7.95) | rot: (0.0, 180.0, 90.0)
        TireRL (CSGCylinder3D) | pos: (6.165, -0.6, -7.15) | rot: (0.0, 180.0, 90.0)
          RimRL (CSGCylinder3D) | pos: (6.185, -0.6, -7.15) | rot: (0.0, 180.0, 90.0)
        TireRR (CSGCylinder3D) | pos: (4.165, -0.6, -7.15) | rot: (0.0, 180.0, 90.0)
          RimRR (CSGCylinder3D) | pos: (4.185, -0.6, -7.15) | rot: (0.0, 180.0, 90.0)
  InclineConveyorLight (SpotLight3D) | pos: (5.165, 4.0, -4.0) | rot: (-59.99998, 0.0, 0.0)
  TrailerDischargeLight (SpotLight3D) | pos: (5.165, 5.0, -9.75) | rot: (-90.0, 0.0, 0.0)
  LogBunk (Node3D) | pos: (-5.0, -0.9, -0.5) | rot: (0.0, 0.0, 0.0)
    Base (CSGBox3D) | pos: (-5.0, -0.85, -0.5) | rot: (0.0, 0.0, 0.0)
    PostLeftFront (CSGBox3D) | pos: (-5.7, -0.4, -1.6) | rot: (0.0, 0.0, 0.0)
    PostLeftBack (CSGBox3D) | pos: (-5.7, -0.4, 0.6) | rot: (0.0, 0.0, 0.0)
    PostRightFront (CSGBox3D) | pos: (-4.3, -0.4, -1.6) | rot: (0.0, 0.0, 0.0)
    PostRightBack (CSGBox3D) | pos: (-4.3, -0.4, 0.6) | rot: (0.0, 0.0, 0.0)
  KnuckleBoomLoader (Node3D) | pos: (-2.5, -0.9, -0.5) | rot: (0.0, 0.0, 0.0) | script: knuckle_boom_loader.gd | swing_speed=0.6 | boom_speed=0.4 | claw_speed=1.5 | main_boom_swing_angle=-0.541 | main_boom_pickup_angle=-1.117 | main_boom_drop_angle=-0.716 | outer_boom_swing_angle=-1.152 | outer_boom_pickup_angle=-1.501 | outer_boom_drop_angle=-1.03 | claw_open_angle=-0.8 | claw_closed_angle=-0.2
    Pedestal (CSGCylinder3D) | pos: (-2.5, -0.3, -0.5) | rot: (0.0, 0.0, 0.0)
    Turret (Node3D) | pos: (-2.5, 0.3, -0.5) | rot: (0.0, 180.0, 0.0)
      BaseCSG (CSGBox3D) | pos: (-2.5, 0.5, -0.5) | rot: (0.0, 180.0, 0.0)
      Cabin (CSGBox3D) | pos: (-2.7, 1.0, -0.5) | rot: (0.0, 180.0, 0.0)
      EngineBay (CSGBox3D) | pos: (-2.35, 0.95, -0.45) | rot: (0.0, 180.0, 0.0)
      ExhaustStack (CSGCylinder3D) | pos: (-2.25, 1.6, -0.3) | rot: (0.0, 180.0, 0.0)
        ExhaustSmoke (CPUParticles3D) | pos: (-2.25, 2.0, -0.3) | rot: (0.0, 180.0, 0.0)
      BracketBaseMain (CSGBox3D) | pos: (-2.23, 0.6, -0.5) | rot: (0.0, 180.0, 0.0)
      HydraulicMainBase (Node3D) | pos: (-2.23, 0.6, -0.5) | rot: (66.06467, 89.99995, -90.00002)
        Barrel (CSGCylinder3D) | pos: (-2.331426, 0.828501, -0.5) | rot: (-0.000014, -0.000015, -156.0647)
      MainBoomPivot (Node3D) | pos: (-2.3, 0.7, -0.5) | rot: (0.0, 180.0, -32.90687)
        MainBoomCSG (CSGBox3D) | pos: (-2.843275, 1.539555, -0.5) | rot: (0.0, 180.0, -32.90687)
        BracketRodMain (CSGBox3D) | pos: (-2.633873, 1.436837, -0.5) | rot: (0.0, 180.0, -32.90687)
        HydraulicMainRod (Node3D) | pos: (-2.608687, 1.453136, -0.5) | rot: (-66.06467, -90.00004, 90.00003)
          Rod (CSGCylinder3D) | pos: (-2.507261, 1.224635, -0.5) | rot: (-0.000013, -0.00001, 23.93533)
        BracketBaseOuter (CSGBox3D) | pos: (-3.052677, 1.642273, -0.5) | rot: (0.0, 180.0, -32.90687)
        HydraulicOuterBase (Node3D) | pos: (-3.077864, 1.625975, -0.5) | rot: (34.8586, 89.99999, -89.99999)
          Barrel (CSGCylinder3D) | pos: (-3.365062, 1.826018, -0.5) | rot: (-0.0, -0.000006, -124.8586)
        OuterBoomPivot (Node3D) | pos: (-3.38655, 2.379109, -0.5) | rot: (-0.0, 180.0, -100.8215)
          OuterBoomCSG (CSGBox3D) | pos: (-4.270545, 2.210135, -0.5) | rot: (-0.0, 180.0, -100.8215)
          BracketRodOuter (CSGBox3D) | pos: (-3.858884, 2.187013, -0.5) | rot: (-0.0, 180.0, -100.8215)
          HydraulicOuterRod (Node3D) | pos: (-3.855129, 2.167368, -0.5) | rot: (-34.85862, -90.0, 89.99999)
            Rod (CSGCylinder3D) | pos: (-3.567931, 1.967324, -0.5) | rot: (0.000006, -0.000004, 55.14138)
          GrapplePivot (Node3D) | pos: (-5.154541, 2.04116, -0.5) | rot: (0.0, 0.0, 0.0)
            GrappleBase (CSGBox3D) | pos: (-5.154541, 1.89116, -0.5) | rot: (0.0, 0.0, 0.0)
            GrappleArea (Area3D) | pos: (-5.154541, 1.64116, -0.5) | rot: (0.0, 0.0, 0.0)
              CollisionShape3D (CollisionShape3D) | pos: (-5.154541, 1.64116, -0.5) | rot: (0.0, 0.0, 0.0)
            ClawLeftPivot (Node3D) | pos: (-5.154541, 1.79116, -0.22) | rot: (-45.83662, 0.0, 0.0)
              ClawLeft (CSGCombiner3D) | pos: (-5.154541, 1.79116, -0.22) | rot: (-45.83662, 0.0, 0.0)
                Upper (CSGBox3D) | pos: (-5.154541, 1.672307, -0.126331) | rot: (-30.83663, 0.0, 0.0)
                Middle (CSGBox3D) | pos: (-5.154541, 1.454676, -0.017076) | rot: (-15.83661, 0.0, 0.0)
                Tip (CSGBox3D) | pos: (-5.154541, 1.249947, 0.00713) | rot: (-0.836624, 0.0, 0.0)
            ClawRightPivot (Node3D) | pos: (-5.154541, 1.79116, -0.78) | rot: (45.83662, 0.0, 0.0)
              ClawRight (CSGCombiner3D) | pos: (-5.154541, 1.79116, -0.78) | rot: (45.83662, 0.0, 0.0)
                Upper (CSGBox3D) | pos: (-5.154541, 1.672307, -0.87367) | rot: (30.83663, 0.0, 0.0)
                Middle (CSGBox3D) | pos: (-5.154541, 1.454676, -0.982925) | rot: (15.83661, 0.0, 0.0)
                Tip (CSGBox3D) | pos: (-5.154541, 1.249947, -1.00713) | rot: (0.836624, 0.0, 0.0)
    ConveyorIntakeZone (Area3D) | pos: (0.277, 1.063, 0.2) | rot: (0.0, 0.0, 0.0)
      CollisionShape3D (CollisionShape3D) | pos: (0.277, 1.063, 0.2) | rot: (0.0, 0.0, 0.0)
    BunkZone (Area3D) | pos: (-5.0, -0.5, -0.5) | rot: (0.0, 0.0, 0.0)
      CollisionShape3D (CollisionShape3D) | pos: (-5.0, -0.5, -0.5) | rot: (0.0, 0.0, 0.0)
  DebarkerEnclosure (Node3D) | pos: (0.0, 0.0, 0.0) | rot: (0.0, 0.0, 0.0)
    CSGCombiner3D (CSGCombiner3D) | pos: (0.0, 0.0, 0.0) | rot: (0.0, 0.0, 0.0)
      Roof (CSGBox3D) | pos: (5.05, 2.31, 2.114) | rot: (0.0, 0.0, 0.0)
      BackWall (CSGBox3D) | pos: (5.05, 1.3, 1.254) | rot: (0.0, 0.0, 0.0)
      LeftEndWall (CSGBox3D) | pos: (2.884, 1.3, 2.114) | rot: (0.0, 0.0, 0.0)
      LeftEndWallHole (CSGBox3D) | pos: (2.884, 1.06, 2.114) | rot: (0.0, 0.0, 0.0)
      RightEndWall (CSGBox3D) | pos: (7.215, 1.3, 2.114) | rot: (0.0, 0.0, 0.0)
      RightEndWallHole (CSGBox3D) | pos: (7.215, 1.06, 2.114) | rot: (0.0, 0.0, 0.0)
      FrontWall (CSGBox3D) | pos: (5.05, 1.3, 2.974) | rot: (0.0, 0.0, 0.0)
      FrontWallWindowCutout (CSGBox3D) | pos: (5.05, 1.3, 2.974) | rot: (0.0, 0.0, 0.0)
      LeftSlopedPlate (CSGBox3D) | pos: (3.8, 0.15, 2.114) | rot: (0.0, 0.0, 15.0)
      RightSlopedPlate (CSGBox3D) | pos: (6.3, 0.15, 2.114) | rot: (0.0, 0.0, -15.0)
    WindowGlass (CSGBox3D) | pos: (5.05, 1.3, 2.974) | rot: (0.0, 0.0, 0.0)
  LogPrefab (RigidBody3D) | pos: (-5.0, -0.4, -0.5) | rot: (0.0, 0.0, 0.0) | script: log.gd | bark_enabled=true | board_count=4 | debarker_node_path=../DebarkerRing/Model | debarker_peel_radius=0.04 | debarker_alignment_radius=0.85
    CollisionShape3D (CollisionShape3D) | pos: (-5.034546, -0.4, -0.5) | rot: (0.0, 0.0, 90.0)
    WoodCore (CSGCylinder3D) | pos: (-5.0, -0.4, -0.5) | rot: (0.0, 0.0, 90.0)
      CutBox (CSGBox3D) | pos: (-5.0, -0.4, 9.5) | rot: (0.0, 0.0, 90.0)
    Bark (Node3D) | pos: (-5.0, -0.4, -0.5) | rot: (0.0, 0.0, 0.0)
      BarkSection01 (Node3D) | pos: (-6.092, -0.4, -0.5) | rot: (0.0, 0.0, 0.0)
        Body (CSGCylinder3D) | pos: (-6.092, -0.4, -0.5) | rot: (0.0, 0.0, 90.0)
        Ridge (CSGCylinder3D) | pos: (-6.092, -0.4, -0.5) | rot: (0.0, 0.0, 90.0)
      BarkSection02 (Node3D) | pos: (-6.036, -0.4, -0.5) | rot: (0.0, 0.0, 0.0)
        Body (CSGCylinder3D) | pos: (-6.036, -0.4, -0.5) | rot: (0.0, 0.0, 90.0)
        Ridge (CSGCylinder3D) | pos: (-6.036, -0.4, -0.5) | rot: (0.0, 0.0, 90.0)
      BarkSection03 (Node3D) | pos: (-5.98, -0.4, -0.5) | rot: (0.0, 0.0, 0.0)
        Body (CSGCylinder3D) | pos: (-5.98, -0.4, -0.5) | rot: (0.0, 0.0, 90.0)
        Ridge (CSGCylinder3D) | pos: (-5.98, -0.4, -0.5) | rot: (0.0, 0.0, 90.0)
      BarkSection04 (Node3D) | pos: (-5.924, -0.4, -0.5) | rot: (0.0, 0.0, 0.0)
        Body (CSGCylinder3D) | pos: (-5.924, -0.4, -0.5) | rot: (0.0, 0.0, 90.0)
        Ridge (CSGCylinder3D) | pos: (-5.924, -0.4, -0.5) | rot: (0.0, 0.0, 90.0)
      BarkSection05 (Node3D) | pos: (-5.868, -0.4, -0.5) | rot: (0.0, 0.0, 0.0)
        Body (CSGCylinder3D) | pos: (-5.868, -0.4, -0.5) | rot: (0.0, 0.0, 90.0)
        Ridge (CSGCylinder3D) | pos: (-5.868, -0.4, -0.5) | rot: (0.0, 0.0, 90.0)
      BarkSection06 (Node3D) | pos: (-5.812, -0.4, -0.5) | rot: (0.0, 0.0, 0.0)
        Body (CSGCylinder3D) | pos: (-5.812, -0.4, -0.5) | rot: (0.0, 0.0, 90.0)
        Ridge (CSGCylinder3D) | pos: (-5.812, -0.4, -0.5) | rot: (0.0, 0.0, 90.0)
      BarkSection07 (Node3D) | pos: (-5.756, -0.4, -0.5) | rot: (0.0, 0.0, 0.0)
        Body (CSGCylinder3D) | pos: (-5.756, -0.4, -0.5) | rot: (0.0, 0.0, 90.0)
        Ridge (CSGCylinder3D) | pos: (-5.756, -0.4, -0.5) | rot: (0.0, 0.0, 90.0)
      BarkSection08 (Node3D) | pos: (-5.7, -0.4, -0.5) | rot: (0.0, 0.0, 0.0)
        Body (CSGCylinder3D) | pos: (-5.7, -0.4, -0.5) | rot: (0.0, 0.0, 90.0)
        Ridge (CSGCylinder3D) | pos: (-5.7, -0.4, -0.5) | rot: (0.0, 0.0, 90.0)
      BarkSection09 (Node3D) | pos: (-5.644, -0.4, -0.5) | rot: (0.0, 0.0, 0.0)
        Body (CSGCylinder3D) | pos: (-5.644, -0.4, -0.5) | rot: (0.0, 0.0, 90.0)
        Ridge (CSGCylinder3D) | pos: (-5.644, -0.4, -0.5) | rot: (0.0, 0.0, 90.0)
      BarkSection10 (Node3D) | pos: (-5.588, -0.4, -0.5) | rot: (0.0, 0.0, 0.0)
        Body (CSGCylinder3D) | pos: (-5.588, -0.4, -0.5) | rot: (0.0, 0.0, 90.0)
        Ridge (CSGCylinder3D) | pos: (-5.588, -0.4, -0.5) | rot: (0.0, 0.0, 90.0)
      BarkSection11 (Node3D) | pos: (-5.532, -0.4, -0.5) | rot: (0.0, 0.0, 0.0)
        Body (CSGCylinder3D) | pos: (-5.532, -0.4, -0.5) | rot: (0.0, 0.0, 90.0)
        Ridge (CSGCylinder3D) | pos: (-5.532, -0.4, -0.5) | rot: (0.0, 0.0, 90.0)
      BarkSection12 (Node3D) | pos: (-5.476, -0.4, -0.5) | rot: (0.0, 0.0, 0.0)
        Body (CSGCylinder3D) | pos: (-5.476, -0.4, -0.5) | rot: (0.0, 0.0, 90.0)
        Ridge (CSGCylinder3D) | pos: (-5.476, -0.4, -0.5) | rot: (0.0, 0.0, 90.0)
      BarkSection13 (Node3D) | pos: (-5.42, -0.4, -0.5) | rot: (0.0, 0.0, 0.0)
        Body (CSGCylinder3D) | pos: (-5.42, -0.4, -0.5) | rot: (0.0, 0.0, 90.0)
        Ridge (CSGCylinder3D) | pos: (-5.42, -0.4, -0.5) | rot: (0.0, 0.0, 90.0)
      BarkSection14 (Node3D) | pos: (-5.364, -0.4, -0.5) | rot: (0.0, 0.0, 0.0)
        Body (CSGCylinder3D) | pos: (-5.364, -0.4, -0.5) | rot: (0.0, 0.0, 90.0)
        Ridge (CSGCylinder3D) | pos: (-5.364, -0.4, -0.5) | rot: (0.0, 0.0, 90.0)
      BarkSection15 (Node3D) | pos: (-5.308, -0.4, -0.5) | rot: (0.0, 0.0, 0.0)
        Body (CSGCylinder3D) | pos: (-5.308, -0.4, -0.5) | rot: (0.0, 0.0, 90.0)
        Ridge (CSGCylinder3D) | pos: (-5.308, -0.4, -0.5) | rot: (0.0, 0.0, 90.0)
      BarkSection16 (Node3D) | pos: (-5.252, -0.4, -0.5) | rot: (0.0, 0.0, 0.0)
        Body (CSGCylinder3D) | pos: (-5.252, -0.4, -0.5) | rot: (0.0, 0.0, 90.0)
        Ridge (CSGCylinder3D) | pos: (-5.252, -0.4, -0.5) | rot: (0.0, 0.0, 90.0)
      BarkSection17 (Node3D) | pos: (-5.196, -0.4, -0.5) | rot: (0.0, 0.0, 0.0)
        Body (CSGCylinder3D) | pos: (-5.196, -0.4, -0.5) | rot: (0.0, 0.0, 90.0)
        Ridge (CSGCylinder3D) | pos: (-5.196, -0.4, -0.5) | rot: (0.0, 0.0, 90.0)
      BarkSection18 (Node3D) | pos: (-5.14, -0.4, -0.5) | rot: (0.0, 0.0, 0.0)
        Body (CSGCylinder3D) | pos: (-5.14, -0.4, -0.5) | rot: (0.0, 0.0, 90.0)
        Ridge (CSGCylinder3D) | pos: (-5.14, -0.4, -0.5) | rot: (0.0, 0.0, 90.0)
      BarkSection19 (Node3D) | pos: (-5.084, -0.4, -0.5) | rot: (0.0, 0.0, 0.0)
        Body (CSGCylinder3D) | pos: (-5.084, -0.4, -0.5) | rot: (0.0, 0.0, 90.0)
        Ridge (CSGCylinder3D) | pos: (-5.084, -0.4, -0.5) | rot: (0.0, 0.0, 90.0)
      BarkSection20 (Node3D) | pos: (-5.028, -0.4, -0.5) | rot: (0.0, 0.0, 0.0)
        Body (CSGCylinder3D) | pos: (-5.028, -0.4, -0.5) | rot: (0.0, 0.0, 90.0)
        Ridge (CSGCylinder3D) | pos: (-5.028, -0.4, -0.5) | rot: (0.0, 0.0, 90.0)
      BarkSection21 (Node3D) | pos: (-4.972, -0.4, -0.5) | rot: (0.0, 0.0, 0.0)
        Body (CSGCylinder3D) | pos: (-4.972, -0.4, -0.5) | rot: (0.0, 0.0, 90.0)
        Ridge (CSGCylinder3D) | pos: (-4.972, -0.4, -0.5) | rot: (0.0, 0.0, 90.0)
      BarkSection22 (Node3D) | pos: (-4.916, -0.4, -0.5) | rot: (0.0, 0.0, 0.0)
        Body (CSGCylinder3D) | pos: (-4.916, -0.4, -0.5) | rot: (0.0, 0.0, 90.0)
        Ridge (CSGCylinder3D) | pos: (-4.916, -0.4, -0.5) | rot: (0.0, 0.0, 90.0)
      BarkSection23 (Node3D) | pos: (-4.86, -0.4, -0.5) | rot: (0.0, 0.0, 0.0)
        Body (CSGCylinder3D) | pos: (-4.86, -0.4, -0.5) | rot: (0.0, 0.0, 90.0)
        Ridge (CSGCylinder3D) | pos: (-4.86, -0.4, -0.5) | rot: (0.0, 0.0, 90.0)
      BarkSection24 (Node3D) | pos: (-4.804, -0.4, -0.5) | rot: (0.0, 0.0, 0.0)
        Body (CSGCylinder3D) | pos: (-4.804, -0.4, -0.5) | rot: (0.0, 0.0, 90.0)
        Ridge (CSGCylinder3D) | pos: (-4.804, -0.4, -0.5) | rot: (0.0, 0.0, 90.0)
      BarkSection25 (Node3D) | pos: (-4.748, -0.4, -0.5) | rot: (0.0, 0.0, 0.0)
        Body (CSGCylinder3D) | pos: (-4.748, -0.4, -0.5) | rot: (0.0, 0.0, 90.0)
        Ridge (CSGCylinder3D) | pos: (-4.748, -0.4, -0.5) | rot: (0.0, 0.0, 90.0)
      BarkSection26 (Node3D) | pos: (-4.692, -0.4, -0.5) | rot: (0.0, 0.0, 0.0)
        Body (CSGCylinder3D) | pos: (-4.692, -0.4, -0.5) | rot: (0.0, 0.0, 90.0)
        Ridge (CSGCylinder3D) | pos: (-4.692, -0.4, -0.5) | rot: (0.0, 0.0, 90.0)
      BarkSection27 (Node3D) | pos: (-4.636, -0.4, -0.5) | rot: (0.0, 0.0, 0.0)
        Body (CSGCylinder3D) | pos: (-4.636, -0.4, -0.5) | rot: (0.0, 0.0, 90.0)
        Ridge (CSGCylinder3D) | pos: (-4.636, -0.4, -0.5) | rot: (0.0, 0.0, 90.0)
      BarkSection28 (Node3D) | pos: (-4.58, -0.4, -0.5) | rot: (0.0, 0.0, 0.0)
        Body (CSGCylinder3D) | pos: (-4.58, -0.4, -0.5) | rot: (0.0, 0.0, 90.0)
        Ridge (CSGCylinder3D) | pos: (-4.58, -0.4, -0.5) | rot: (0.0, 0.0, 90.0)
      BarkSection29 (Node3D) | pos: (-4.524, -0.4, -0.5) | rot: (0.0, 0.0, 0.0)
        Body (CSGCylinder3D) | pos: (-4.524, -0.4, -0.5) | rot: (0.0, 0.0, 90.0)
        Ridge (CSGCylinder3D) | pos: (-4.524, -0.4, -0.5) | rot: (0.0, 0.0, 90.0)
      BarkSection30 (Node3D) | pos: (-4.468, -0.4, -0.5) | rot: (0.0, 0.0, 0.0)
        Body (CSGCylinder3D) | pos: (-4.468, -0.4, -0.5) | rot: (0.0, 0.0, 90.0)
        Ridge (CSGCylinder3D) | pos: (-4.468, -0.4, -0.5) | rot: (0.0, 0.0, 90.0)
      BarkSection31 (Node3D) | pos: (-4.412, -0.4, -0.5) | rot: (0.0, 0.0, 0.0)
        Body (CSGCylinder3D) | pos: (-4.412, -0.4, -0.5) | rot: (0.0, 0.0, 90.0)
        Ridge (CSGCylinder3D) | pos: (-4.412, -0.4, -0.5) | rot: (0.0, 0.0, 90.0)
      BarkSection32 (Node3D) | pos: (-4.356, -0.4, -0.5) | rot: (0.0, 0.0, 0.0)
        Body (CSGCylinder3D) | pos: (-4.356, -0.4, -0.5) | rot: (0.0, 0.0, 90.0)
        Ridge (CSGCylinder3D) | pos: (-4.356, -0.4, -0.5) | rot: (0.0, 0.0, 90.0)
      BarkSection33 (Node3D) | pos: (-4.3, -0.4, -0.5) | rot: (0.0, 0.0, 0.0)
        Body (CSGCylinder3D) | pos: (-4.3, -0.4, -0.5) | rot: (0.0, 0.0, 90.0)
        Ridge (CSGCylinder3D) | pos: (-4.3, -0.4, -0.5) | rot: (0.0, 0.0, 90.0)
      BarkSection34 (Node3D) | pos: (-4.244, -0.4, -0.5) | rot: (0.0, 0.0, 0.0)
        Body (CSGCylinder3D) | pos: (-4.244, -0.4, -0.5) | rot: (0.0, 0.0, 90.0)
        Ridge (CSGCylinder3D) | pos: (-4.244, -0.4, -0.5) | rot: (0.0, 0.0, 90.0)
      BarkSection35 (Node3D) | pos: (-4.188, -0.4, -0.5) | rot: (0.0, 0.0, 0.0)
        Body (CSGCylinder3D) | pos: (-4.188, -0.4, -0.5) | rot: (0.0, 0.0, 90.0)
        Ridge (CSGCylinder3D) | pos: (-4.188, -0.4, -0.5) | rot: (0.0, 0.0, 90.0)
      BarkSection36 (Node3D) | pos: (-4.132, -0.4, -0.5) | rot: (0.0, 0.0, 0.0)
        Body (CSGCylinder3D) | pos: (-4.132, -0.4, -0.5) | rot: (0.0, 0.0, 90.0)
        Ridge (CSGCylinder3D) | pos: (-4.132, -0.4, -0.5) | rot: (0.0, 0.0, 90.0)
      BarkSection37 (Node3D) | pos: (-4.076, -0.4, -0.5) | rot: (0.0, 0.0, 0.0)
        Body (CSGCylinder3D) | pos: (-4.076, -0.4, -0.5) | rot: (0.0, 0.0, 90.0)
        Ridge (CSGCylinder3D) | pos: (-4.076, -0.4, -0.5) | rot: (0.0, 0.0, 90.0)
      BarkSection38 (Node3D) | pos: (-4.02, -0.4, -0.5) | rot: (0.0, 0.0, 0.0)
        Body (CSGCylinder3D) | pos: (-4.02, -0.4, -0.5) | rot: (0.0, 0.0, 90.0)
        Ridge (CSGCylinder3D) | pos: (-4.02, -0.4, -0.5) | rot: (0.0, 0.0, 90.0)
      BarkSection39 (Node3D) | pos: (-3.964, -0.4, -0.5) | rot: (0.0, 0.0, 0.0)
        Body (CSGCylinder3D) | pos: (-3.964, -0.4, -0.5) | rot: (0.0, 0.0, 90.0)
        Ridge (CSGCylinder3D) | pos: (-3.964, -0.4, -0.5) | rot: (0.0, 0.0, 90.0)
      BarkSection40 (Node3D) | pos: (-3.908, -0.4, -0.5) | rot: (0.0, 0.0, 0.0)
        Body (CSGCylinder3D) | pos: (-3.908, -0.4, -0.5) | rot: (0.0, 0.0, 90.0)
        Ridge (CSGCylinder3D) | pos: (-3.908, -0.4, -0.5) | rot: (0.0, 0.0, 90.0)
    Boards (Node3D) | pos: (-5.0, -0.4, -0.5) | rot: (0.0, 0.0, 0.0)
